<?xml version="1.0" encoding="UTF-8"?>
<testsuite name="AppTest" tests="1" skipped="0" failures="0" errors="0" timestamp="2022-06-25T14:04:25" hostname="lijiayuxiaoxin" time="0.019">
  <properties/>
  <testcase name="should_use_50_percentage_sales_promotion" classname="AppTest" time="0.019"/>
  <system-out><![CDATA[============= Order details =============
Braised chicken x 1 = 18 yuan
Chinese hamburger x 2 = 12 yuan
Cold noodles x 1 = 8 yuan
-----------------------------------
Promotion used:
Half price for certain dishes (Braised chicken，Cold noodles)，saving 13 yuan
-----------------------------------
Total：25 yuan
===================================
]]></system-out>
  <system-err><![CDATA[]]></system-err>
</testsuite>
